# JRE version: OpenJDK Runtime Environment (8.0_152-b02) (build 1.8.0_152-release-1024-b02)
# Java VM: OpenJDK 64-Bit Server VM (25.152-b02 mixed mode windows-amd64 compressed oops)
Heap:
 PSYoungGen      total 370688K, used 131237K [0x00000000e0000000, 0x00000000fb580000, 0x0000000100000000)
  eden space 314368K, 26% used [0x00000000e0000000,0x00000000e523a8b0,0x00000000f3300000)
  from space 56320K, 83% used [0x00000000f6f80000,0x00000000f9d6eb50,0x00000000fa680000)
  to   space 61952K, 0% used [0x00000000f3300000,0x00000000f3300000,0x00000000f6f80000)
 ParOldGen       total 203264K, used 167278K [0x00000000a0000000, 0x00000000ac680000, 0x00000000e0000000)
  object space 203264K, 82% used [0x00000000a0000000,0x00000000aa35b948,0x00000000ac680000)
 Metaspace       used 60507K, capacity 62472K, committed 62720K, reserved 1103872K
  class space    used 7792K, capacity 8190K, committed 8192K, reserved 1048576K
GC Heap History (10 events):
Event: 279.255 GC heap before
{Heap before GC invocations=34 (full 4):
 PSYoungGen      total 262656K, used 234548K [0x00000000e0000000, 0x00000000f3d80000, 0x0000000100000000)
  eden space 229376K, 100% used [0x00000000e0000000,0x00000000ee000000,0x00000000ee000000)
  from space 33280K, 15% used [0x00000000ee000000,0x00000000ee50d048,0x00000000f0080000)
  to   space 33280K, 0% used [0x00000000f1d00000,0x00000000f1d00000,0x00000000f3d80000)
 ParOldGen       total 203264K, used 125448K [0x00000000a0000000, 0x00000000ac680000, 0x00000000e0000000)
  object space 203264K, 61% used [0x00000000a0000000,0x00000000a7a82288,0x00000000ac680000)
 Metaspace       used 60451K, capacity 62408K, committed 62464K, reserved 1103872K
  class space    used 7792K, capacity 8190K, committed 8192K, reserved 1048576K
Event: 279.341 GC heap after
Heap after GC invocations=34 (full 4):
 PSYoungGen      total 285184K, used 33262K [0x00000000e0000000, 0x00000000f4980000, 0x0000000100000000)
  eden space 251904K, 0% used [0x00000000e0000000,0x00000000e0000000,0x00000000ef600000)
  from space 33280K, 99% used [0x00000000f1d00000,0x00000000f3d7b8a0,0x00000000f3d80000)
  to   space 39936K, 0% used [0x00000000ef600000,0x00000000ef600000,0x00000000f1d00000)
 ParOldGen       total 203264K, used 128695K [0x00000000a0000000, 0x00000000ac680000, 0x00000000e0000000)
  object space 203264K, 63% used [0x00000000a0000000,0x00000000a7dadf30,0x00000000ac680000)
 Metaspace       used 60451K, capacity 62408K, committed 62464K, reserved 1103872K
  class space    used 7792K, capacity 8190K, committed 8192K, reserved 1048576K
}
Event: 280.612 GC heap before
{Heap before GC invocations=35 (full 4):
 PSYoungGen      total 285184K, used 285166K [0x00000000e0000000, 0x00000000f4980000, 0x0000000100000000)
  eden space 251904K, 100% used [0x00000000e0000000,0x00000000ef600000,0x00000000ef600000)
  from space 33280K, 99% used [0x00000000f1d00000,0x00000000f3d7b8a0,0x00000000f3d80000)
  to   space 39936K, 0% used [0x00000000ef600000,0x00000000ef600000,0x00000000f1d00000)
 ParOldGen       total 203264K, used 128695K [0x00000000a0000000, 0x00000000ac680000, 0x00000000e0000000)
  object space 203264K, 63% used [0x00000000a0000000,0x00000000a7dadf30,0x00000000ac680000)
 Metaspace       used 60472K, capacity 62408K, committed 62464K, reserved 1103872K
  class space    used 7792K, capacity 8190K, committed 8192K, reserved 1048576K
Event: 280.714 GC heap after
Heap after GC invocations=35 (full 4):
 PSYoungGen      total 291840K, used 39905K [0x00000000e0000000, 0x00000000f7400000, 0x0000000100000000)
  eden space 251904K, 0% used [0x00000000e0000000,0x00000000e0000000,0x00000000ef600000)
  from space 39936K, 99% used [0x00000000ef600000,0x00000000f1cf86b0,0x00000000f1d00000)
  to   space 48128K, 0% used [0x00000000f4500000,0x00000000f4500000,0x00000000f7400000)
 ParOldGen       total 203264K, used 133358K [0x00000000a0000000, 0x00000000ac680000, 0x00000000e0000000)
  object space 203264K, 65% used [0x00000000a0000000,0x00000000a823b828,0x00000000ac680000)
 Metaspace       used 60472K, capacity 62408K, committed 62464K, reserved 1103872K
  class space    used 7792K, capacity 8190K, committed 8192K, reserved 1048576K
}
Event: 281.991 GC heap before
{Heap before GC invocations=36 (full 4):
 PSYoungGen      total 291840K, used 291809K [0x00000000e0000000, 0x00000000f7400000, 0x0000000100000000)
  eden space 251904K, 100% used [0x00000000e0000000,0x00000000ef600000,0x00000000ef600000)
  from space 39936K, 99% used [0x00000000ef600000,0x00000000f1cf86b0,0x00000000f1d00000)
  to   space 48128K, 0% used [0x00000000f4500000,0x00000000f4500000,0x00000000f7400000)
 ParOldGen       total 203264K, used 133358K [0x00000000a0000000, 0x00000000ac680000, 0x00000000e0000000)
  object space 203264K, 65% used [0x00000000a0000000,0x00000000a823b828,0x00000000ac680000)
 Metaspace       used 60485K, capacity 62472K, committed 62720K, reserved 1103872K
  class space    used 7792K, capacity 8190K, committed 8192K, reserved 1048576K
Event: 282.108 GC heap after
Heap after GC invocations=36 (full 4):
 PSYoungGen      total 333312K, used 25566K [0x00000000e0000000, 0x00000000f7500000, 0x0000000100000000)
  eden space 285184K, 0% used [0x00000000e0000000,0x00000000e0000000,0x00000000f1680000)
  from space 48128K, 53% used [0x00000000f4500000,0x00000000f5df78d8,0x00000000f7400000)
  to   space 47616K, 0% used [0x00000000f1680000,0x00000000f1680000,0x00000000f4500000)
 ParOldGen       total 203264K, used 148379K [0x00000000a0000000, 0x00000000ac680000, 0x00000000e0000000)
  object space 203264K, 72% used [0x00000000a0000000,0x00000000a90e6d30,0x00000000ac680000)
 Metaspace       used 60485K, capacity 62472K, committed 62720K, reserved 1103872K
  class space    used 7792K, capacity 8190K, committed 8192K, reserved 1048576K
}
Event: 283.032 GC heap before
{Heap before GC invocations=37 (full 4):
 PSYoungGen      total 333312K, used 310750K [0x00000000e0000000, 0x00000000f7500000, 0x0000000100000000)
  eden space 285184K, 100% used [0x00000000e0000000,0x00000000f1680000,0x00000000f1680000)
  from space 48128K, 53% used [0x00000000f4500000,0x00000000f5df78d8,0x00000000f7400000)
  to   space 47616K, 0% used [0x00000000f1680000,0x00000000f1680000,0x00000000f4500000)
 ParOldGen       total 203264K, used 148379K [0x00000000a0000000, 0x00000000ac680000, 0x00000000e0000000)
  object space 203264K, 72% used [0x00000000a0000000,0x00000000a90e6d30,0x00000000ac680000)
 Metaspace       used 60487K, capacity 62472K, committed 62720K, reserved 1103872K
  class space    used 7792K, capacity 8190K, committed 8192K, reserved 1048576K
Event: 283.125 GC heap after
Heap after GC invocations=37 (full 4):
 PSYoungGen      total 332800K, used 47607K [0x00000000e0000000, 0x00000000fa680000, 0x0000000100000000)
  eden space 285184K, 0% used [0x00000000e0000000,0x00000000e0000000,0x00000000f1680000)
  from space 47616K, 99% used [0x00000000f1680000,0x00000000f44fddb8,0x00000000f4500000)
  to   space 56320K, 0% used [0x00000000f6f80000,0x00000000f6f80000,0x00000000fa680000)
 ParOldGen       total 203264K, used 150682K [0x00000000a0000000, 0x00000000ac680000, 0x00000000e0000000)
  object space 203264K, 74% used [0x00000000a0000000,0x00000000a9326870,0x00000000ac680000)
 Metaspace       used 60487K, capacity 62472K, committed 62720K, reserved 1103872K
  class space    used 7792K, capacity 8190K, committed 8192K, reserved 1048576K
}
Event: 284.776 GC heap before
{Heap before GC invocations=38 (full 4):
 PSYoungGen      total 332800K, used 332791K [0x00000000e0000000, 0x00000000fa680000, 0x0000000100000000)
  eden space 285184K, 100% used [0x00000000e0000000,0x00000000f1680000,0x00000000f1680000)
  from space 47616K, 99% used [0x00000000f1680000,0x00000000f44fddb8,0x00000000f4500000)
  to   space 56320K, 0% used [0x00000000f6f80000,0x00000000f6f80000,0x00000000fa680000)
 ParOldGen       total 203264K, used 150682K [0x00000000a0000000, 0x00000000ac680000, 0x00000000e0000000)
  object space 203264K, 74% used [0x00000000a0000000,0x00000000a9326870,0x00000000ac680000)
 Metaspace       used 60497K, capacity 62472K, committed 62720K, reserved 1103872K
  class space    used 7792K, capacity 8190K, committed 8192K, reserved 1048576K
Event: 285.053 GC heap after
Heap after GC invocations=38 (full 4):
 PSYoungGen      total 370688K, used 47034K [0x00000000e0000000, 0x00000000fb580000, 0x0000000100000000)
  eden space 314368K, 0% used [0x00000000e0000000,0x00000000e0000000,0x00000000f3300000)
  from space 56320K, 83% used [0x00000000f6f80000,0x00000000f9d6eb50,0x00000000fa680000)
  to   space 61952K, 0% used [0x00000000f3300000,0x00000000f3300000,0x00000000f6f80000)
 ParOldGen       total 203264K, used 167278K [0x00000000a0000000, 0x00000000ac680000, 0x00000000e0000000)
  object space 203264K, 82% used [0x00000000a0000000,0x00000000aa35b948,0x00000000ac680000)
 Metaspace       used 60497K, capacity 62472K, committed 62720K, reserved 1103872K
  class space    used 7792K, capacity 8190K, committed 8192K, reserved 1048576K
}

