# JRE version: OpenJDK Runtime Environment (8.0_152-b02) (build 1.8.0_152-release-1024-b02)
# Java VM: OpenJDK 64-Bit Server VM (25.152-b02 mixed mode windows-amd64 compressed oops)
Heap:
 PSYoungGen      total 126976K, used 70812K [0x00000000e0000000, 0x00000000eb380000, 0x0000000100000000)
  eden space 110592K, 62% used [0x00000000e0000000,0x00000000e436f1d0,0x00000000e6c00000)
  from space 16384K, 10% used [0x00000000e6c00000,0x00000000e6db8000,0x00000000e7c00000)
  to   space 16896K, 0% used [0x00000000ea300000,0x00000000ea300000,0x00000000eb380000)
 ParOldGen       total 59904K, used 33195K [0x00000000a0000000, 0x00000000a3a80000, 0x00000000e0000000)
  object space 59904K, 55% used [0x00000000a0000000,0x00000000a206ae38,0x00000000a3a80000)
 Metaspace       used 53457K, capacity 55302K, committed 55552K, reserved 1097728K
  class space    used 7228K, capacity 7612K, committed 7680K, reserved 1048576K
GC Heap History (10 events):
Event: 13.031 GC heap before
{Heap before GC invocations=15 (full 2):
 PSYoungGen      total 84480K, used 80658K [0x00000000e0000000, 0x00000000e5d00000, 0x0000000100000000)
  eden space 73728K, 100% used [0x00000000e0000000,0x00000000e4800000,0x00000000e4800000)
  from space 10752K, 64% used [0x00000000e5280000,0x00000000e5944ba0,0x00000000e5d00000)
  to   space 10752K, 0% used [0x00000000e4800000,0x00000000e4800000,0x00000000e5280000)
 ParOldGen       total 59904K, used 16322K [0x00000000a0000000, 0x00000000a3a80000, 0x00000000e0000000)
  object space 59904K, 27% used [0x00000000a0000000,0x00000000a0ff0920,0x00000000a3a80000)
 Metaspace       used 44889K, capacity 45916K, committed 46080K, reserved 1089536K
  class space    used 6074K, capacity 6344K, committed 6400K, reserved 1048576K
Event: 13.055 GC heap after
Heap after GC invocations=15 (full 2):
 PSYoungGen      total 84480K, used 10721K [0x00000000e0000000, 0x00000000e7300000, 0x0000000100000000)
  eden space 73728K, 0% used [0x00000000e0000000,0x00000000e0000000,0x00000000e4800000)
  from space 10752K, 99% used [0x00000000e4800000,0x00000000e52784f0,0x00000000e5280000)
  to   space 12288K, 0% used [0x00000000e6700000,0x00000000e6700000,0x00000000e7300000)
 ParOldGen       total 59904K, used 17047K [0x00000000a0000000, 0x00000000a3a80000, 0x00000000e0000000)
  object space 59904K, 28% used [0x00000000a0000000,0x00000000a10a5e20,0x00000000a3a80000)
 Metaspace       used 44889K, capacity 45916K, committed 46080K, reserved 1089536K
  class space    used 6074K, capacity 6344K, committed 6400K, reserved 1048576K
}
Event: 15.189 GC heap before
{Heap before GC invocations=16 (full 2):
 PSYoungGen      total 84480K, used 84449K [0x00000000e0000000, 0x00000000e7300000, 0x0000000100000000)
  eden space 73728K, 100% used [0x00000000e0000000,0x00000000e4800000,0x00000000e4800000)
  from space 10752K, 99% used [0x00000000e4800000,0x00000000e52784f0,0x00000000e5280000)
  to   space 12288K, 0% used [0x00000000e6700000,0x00000000e6700000,0x00000000e7300000)
 ParOldGen       total 59904K, used 17047K [0x00000000a0000000, 0x00000000a3a80000, 0x00000000e0000000)
  object space 59904K, 28% used [0x00000000a0000000,0x00000000a10a5e20,0x00000000a3a80000)
 Metaspace       used 49864K, capacity 51412K, committed 51712K, reserved 1093632K
  class space    used 6794K, capacity 7120K, committed 7168K, reserved 1048576K
Event: 15.219 GC heap after
Heap after GC invocations=16 (full 2):
 PSYoungGen      total 102400K, used 12257K [0x00000000e0000000, 0x00000000e7900000, 0x0000000100000000)
  eden space 90112K, 0% used [0x00000000e0000000,0x00000000e0000000,0x00000000e5800000)
  from space 12288K, 99% used [0x00000000e6700000,0x00000000e72f86f0,0x00000000e7300000)
  to   space 15360K, 0% used [0x00000000e5800000,0x00000000e5800000,0x00000000e6700000)
 ParOldGen       total 59904K, used 21099K [0x00000000a0000000, 0x00000000a3a80000, 0x00000000e0000000)
  object space 59904K, 35% used [0x00000000a0000000,0x00000000a149afa8,0x00000000a3a80000)
 Metaspace       used 49864K, capacity 51412K, committed 51712K, reserved 1093632K
  class space    used 6794K, capacity 7120K, committed 7168K, reserved 1048576K
}
Event: 26.606 GC heap before
{Heap before GC invocations=17 (full 2):
 PSYoungGen      total 102400K, used 101610K [0x00000000e0000000, 0x00000000e7900000, 0x0000000100000000)
  eden space 90112K, 99% used [0x00000000e0000000,0x00000000e5742238,0x00000000e5800000)
  from space 12288K, 99% used [0x00000000e6700000,0x00000000e72f86f0,0x00000000e7300000)
  to   space 15360K, 0% used [0x00000000e5800000,0x00000000e5800000,0x00000000e6700000)
 ParOldGen       total 59904K, used 21099K [0x00000000a0000000, 0x00000000a3a80000, 0x00000000e0000000)
  object space 59904K, 35% used [0x00000000a0000000,0x00000000a149afa8,0x00000000a3a80000)
 Metaspace       used 52278K, capacity 54068K, committed 54144K, reserved 1095680K
  class space    used 7125K, capacity 7492K, committed 7552K, reserved 1048576K
Event: 26.630 GC heap after
Heap after GC invocations=17 (full 2):
 PSYoungGen      total 105472K, used 12124K [0x00000000e0000000, 0x00000000e8c00000, 0x0000000100000000)
  eden space 90112K, 0% used [0x00000000e0000000,0x00000000e0000000,0x00000000e5800000)
  from space 15360K, 78% used [0x00000000e5800000,0x00000000e63d7318,0x00000000e6700000)
  to   space 16384K, 0% used [0x00000000e7c00000,0x00000000e7c00000,0x00000000e8c00000)
 ParOldGen       total 59904K, used 24883K [0x00000000a0000000, 0x00000000a3a80000, 0x00000000e0000000)
  object space 59904K, 41% used [0x00000000a0000000,0x00000000a184cdf8,0x00000000a3a80000)
 Metaspace       used 52278K, capacity 54068K, committed 54144K, reserved 1095680K
  class space    used 7125K, capacity 7492K, committed 7552K, reserved 1048576K
}
Event: 26.668 GC heap before
{Heap before GC invocations=18 (full 2):
 PSYoungGen      total 105472K, used 101700K [0x00000000e0000000, 0x00000000e8c00000, 0x0000000100000000)
  eden space 90112K, 99% used [0x00000000e0000000,0x00000000e5779fa8,0x00000000e5800000)
  from space 15360K, 78% used [0x00000000e5800000,0x00000000e63d7318,0x00000000e6700000)
  to   space 16384K, 0% used [0x00000000e7c00000,0x00000000e7c00000,0x00000000e8c00000)
 ParOldGen       total 59904K, used 24883K [0x00000000a0000000, 0x00000000a3a80000, 0x00000000e0000000)
  object space 59904K, 41% used [0x00000000a0000000,0x00000000a184cdf8,0x00000000a3a80000)
 Metaspace       used 52285K, capacity 54068K, committed 54144K, reserved 1095680K
  class space    used 7125K, capacity 7492K, committed 7552K, reserved 1048576K
Event: 26.683 GC heap after
Heap after GC invocations=18 (full 2):
 PSYoungGen      total 126976K, used 10350K [0x00000000e0000000, 0x00000000ea300000, 0x0000000100000000)
  eden space 110592K, 0% used [0x00000000e0000000,0x00000000e0000000,0x00000000e6c00000)
  from space 16384K, 63% used [0x00000000e7c00000,0x00000000e861b858,0x00000000e8c00000)
  to   space 16384K, 0% used [0x00000000e6c00000,0x00000000e6c00000,0x00000000e7c00000)
 ParOldGen       total 59904K, used 24891K [0x00000000a0000000, 0x00000000a3a80000, 0x00000000e0000000)
  object space 59904K, 41% used [0x00000000a0000000,0x00000000a184edf8,0x00000000a3a80000)
 Metaspace       used 52285K, capacity 54068K, committed 54144K, reserved 1095680K
  class space    used 7125K, capacity 7492K, committed 7552K, reserved 1048576K
}
Event: 26.711 GC heap before
{Heap before GC invocations=19 (full 2):
 PSYoungGen      total 126976K, used 120210K [0x00000000e0000000, 0x00000000ea300000, 0x0000000100000000)
  eden space 110592K, 99% used [0x00000000e0000000,0x00000000e6b490f8,0x00000000e6c00000)
  from space 16384K, 63% used [0x00000000e7c00000,0x00000000e861b858,0x00000000e8c00000)
  to   space 16384K, 0% used [0x00000000e6c00000,0x00000000e6c00000,0x00000000e7c00000)
 ParOldGen       total 59904K, used 24891K [0x00000000a0000000, 0x00000000a3a80000, 0x00000000e0000000)
  object space 59904K, 41% used [0x00000000a0000000,0x00000000a184edf8,0x00000000a3a80000)
 Metaspace       used 52289K, capacity 54068K, committed 54144K, reserved 1095680K
  class space    used 7125K, capacity 7492K, committed 7552K, reserved 1048576K
Event: 26.725 GC heap after
Heap after GC invocations=19 (full 2):
 PSYoungGen      total 126976K, used 1760K [0x00000000e0000000, 0x00000000eb380000, 0x0000000100000000)
  eden space 110592K, 0% used [0x00000000e0000000,0x00000000e0000000,0x00000000e6c00000)
  from space 16384K, 10% used [0x00000000e6c00000,0x00000000e6db8000,0x00000000e7c00000)
  to   space 16896K, 0% used [0x00000000ea300000,0x00000000ea300000,0x00000000eb380000)
 ParOldGen       total 59904K, used 33195K [0x00000000a0000000, 0x00000000a3a80000, 0x00000000e0000000)
  object space 59904K, 55% used [0x00000000a0000000,0x00000000a206ae38,0x00000000a3a80000)
 Metaspace       used 52289K, capacity 54068K, committed 54144K, reserved 1095680K
  class space    used 7125K, capacity 7492K, committed 7552K, reserved 1048576K
}

