# JRE version: OpenJDK Runtime Environment (8.0_152-b02) (build 1.8.0_152-release-1024-b02)
# Java VM: OpenJDK 64-Bit Server VM (25.152-b02 mixed mode windows-amd64 compressed oops)
Heap:
 PSYoungGen      total 161280K, used 135437K [0x00000000e0000000, 0x00000000ee280000, 0x0000000100000000)
  eden space 136192K, 81% used [0x00000000e0000000,0x00000000e6bc73b0,0x00000000e8500000)
  from space 25088K, 99% used [0x00000000ea980000,0x00000000ec1fc0f0,0x00000000ec200000)
  to   space 37376K, 0% used [0x00000000e8500000,0x00000000e8500000,0x00000000ea980000)
 ParOldGen       total 91648K, used 72984K [0x00000000a0000000, 0x00000000a5980000, 0x00000000e0000000)
  object space 91648K, 79% used [0x00000000a0000000,0x00000000a4746228,0x00000000a5980000)
 Metaspace       used 60211K, capacity 61898K, committed 62080K, reserved 1103872K
  class space    used 7861K, capacity 8236K, committed 8320K, reserved 1048576K
GC Heap History (10 events):
Event: 62.353 GC heap before
{Heap before GC invocations=17 (full 2):
 PSYoungGen      total 109568K, used 108577K [0x00000000e0000000, 0x00000000e7b00000, 0x0000000100000000)
  eden space 96768K, 100% used [0x00000000e0000000,0x00000000e5e80000,0x00000000e5e80000)
  from space 12800K, 92% used [0x00000000e6c80000,0x00000000e7808478,0x00000000e7900000)
  to   space 14336K, 0% used [0x00000000e5e80000,0x00000000e5e80000,0x00000000e6c80000)
 ParOldGen       total 56320K, used 22999K [0x00000000a0000000, 0x00000000a3700000, 0x00000000e0000000)
  object space 56320K, 40% used [0x00000000a0000000,0x00000000a1675c20,0x00000000a3700000)
 Metaspace       used 56964K, capacity 58608K, committed 58752K, reserved 1099776K
  class space    used 7588K, capacity 7962K, committed 8064K, reserved 1048576K
Event: 62.386 GC heap after
Heap after GC invocations=17 (full 2):
 PSYoungGen      total 111104K, used 14315K [0x00000000e0000000, 0x00000000e9600000, 0x0000000100000000)
  eden space 96768K, 0% used [0x00000000e0000000,0x00000000e0000000,0x00000000e5e80000)
  from space 14336K, 99% used [0x00000000e5e80000,0x00000000e6c7ae48,0x00000000e6c80000)
  to   space 16896K, 0% used [0x00000000e8580000,0x00000000e8580000,0x00000000e9600000)
 ParOldGen       total 56320K, used 25223K [0x00000000a0000000, 0x00000000a3700000, 0x00000000e0000000)
  object space 56320K, 44% used [0x00000000a0000000,0x00000000a18a1d40,0x00000000a3700000)
 Metaspace       used 56964K, capacity 58608K, committed 58752K, reserved 1099776K
  class space    used 7588K, capacity 7962K, committed 8064K, reserved 1048576K
}
Event: 66.802 GC heap before
{Heap before GC invocations=18 (full 2):
 PSYoungGen      total 111104K, used 48591K [0x00000000e0000000, 0x00000000e9600000, 0x0000000100000000)
  eden space 96768K, 35% used [0x00000000e0000000,0x00000000e2178e30,0x00000000e5e80000)
  from space 14336K, 99% used [0x00000000e5e80000,0x00000000e6c7ae48,0x00000000e6c80000)
  to   space 16896K, 0% used [0x00000000e8580000,0x00000000e8580000,0x00000000e9600000)
 ParOldGen       total 56320K, used 25223K [0x00000000a0000000, 0x00000000a3700000, 0x00000000e0000000)
  object space 56320K, 44% used [0x00000000a0000000,0x00000000a18a1d40,0x00000000a3700000)
 Metaspace       used 57390K, capacity 59088K, committed 59160K, reserved 1099776K
  class space    used 7629K, capacity 8008K, committed 8064K, reserved 1048576K
Event: 66.828 GC heap after
Heap after GC invocations=18 (full 2):
 PSYoungGen      total 135680K, used 5944K [0x00000000e0000000, 0x00000000e9500000, 0x0000000100000000)
  eden space 119808K, 0% used [0x00000000e0000000,0x00000000e0000000,0x00000000e7500000)
  from space 15872K, 37% used [0x00000000e8580000,0x00000000e8b4e0a8,0x00000000e9500000)
  to   space 16384K, 0% used [0x00000000e7500000,0x00000000e7500000,0x00000000e8500000)
 ParOldGen       total 56320K, used 34445K [0x00000000a0000000, 0x00000000a3700000, 0x00000000e0000000)
  object space 56320K, 61% used [0x00000000a0000000,0x00000000a21a36a8,0x00000000a3700000)
 Metaspace       used 57390K, capacity 59088K, committed 59160K, reserved 1099776K
  class space    used 7629K, capacity 8008K, committed 8064K, reserved 1048576K
}
Event: 66.828 GC heap before
{Heap before GC invocations=19 (full 3):
 PSYoungGen      total 135680K, used 5944K [0x00000000e0000000, 0x00000000e9500000, 0x0000000100000000)
  eden space 119808K, 0% used [0x00000000e0000000,0x00000000e0000000,0x00000000e7500000)
  from space 15872K, 37% used [0x00000000e8580000,0x00000000e8b4e0a8,0x00000000e9500000)
  to   space 16384K, 0% used [0x00000000e7500000,0x00000000e7500000,0x00000000e8500000)
 ParOldGen       total 56320K, used 34445K [0x00000000a0000000, 0x00000000a3700000, 0x00000000e0000000)
  object space 56320K, 61% used [0x00000000a0000000,0x00000000a21a36a8,0x00000000a3700000)
 Metaspace       used 57390K, capacity 59088K, committed 59160K, reserved 1099776K
  class space    used 7629K, capacity 8008K, committed 8064K, reserved 1048576K
Event: 67.178 GC heap after
Heap after GC invocations=19 (full 3):
 PSYoungGen      total 135680K, used 0K [0x00000000e0000000, 0x00000000e9500000, 0x0000000100000000)
  eden space 119808K, 0% used [0x00000000e0000000,0x00000000e0000000,0x00000000e7500000)
  from space 15872K, 0% used [0x00000000e8580000,0x00000000e8580000,0x00000000e9500000)
  to   space 16384K, 0% used [0x00000000e7500000,0x00000000e7500000,0x00000000e8500000)
 ParOldGen       total 91648K, used 34150K [0x00000000a0000000, 0x00000000a5980000, 0x00000000e0000000)
  object space 91648K, 37% used [0x00000000a0000000,0x00000000a2159870,0x00000000a5980000)
 Metaspace       used 57382K, capacity 59066K, committed 59160K, reserved 1099776K
  class space    used 7626K, capacity 8002K, committed 8064K, reserved 1048576K
}
Event: 68.607 GC heap before
{Heap before GC invocations=20 (full 3):
 PSYoungGen      total 135680K, used 119808K [0x00000000e0000000, 0x00000000e9500000, 0x0000000100000000)
  eden space 119808K, 100% used [0x00000000e0000000,0x00000000e7500000,0x00000000e7500000)
  from space 15872K, 0% used [0x00000000e8580000,0x00000000e8580000,0x00000000e9500000)
  to   space 16384K, 0% used [0x00000000e7500000,0x00000000e7500000,0x00000000e8500000)
 ParOldGen       total 91648K, used 34150K [0x00000000a0000000, 0x00000000a5980000, 0x00000000e0000000)
  object space 91648K, 37% used [0x00000000a0000000,0x00000000a2159870,0x00000000a5980000)
 Metaspace       used 59848K, capacity 61536K, committed 61824K, reserved 1103872K
  class space    used 7848K, capacity 8229K, committed 8320K, reserved 1048576K
Event: 68.671 GC heap after
Heap after GC invocations=20 (full 3):
 PSYoungGen      total 136192K, used 16376K [0x00000000e0000000, 0x00000000ec200000, 0x0000000100000000)
  eden space 119808K, 0% used [0x00000000e0000000,0x00000000e0000000,0x00000000e7500000)
  from space 16384K, 99% used [0x00000000e7500000,0x00000000e84fe1e0,0x00000000e8500000)
  to   space 25088K, 0% used [0x00000000ea980000,0x00000000ea980000,0x00000000ec200000)
 ParOldGen       total 91648K, used 50592K [0x00000000a0000000, 0x00000000a5980000, 0x00000000e0000000)
  object space 91648K, 55% used [0x00000000a0000000,0x00000000a3168240,0x00000000a5980000)
 Metaspace       used 59848K, capacity 61536K, committed 61824K, reserved 1103872K
  class space    used 7848K, capacity 8229K, committed 8320K, reserved 1048576K
}
Event: 69.599 GC heap before
{Heap before GC invocations=21 (full 3):
 PSYoungGen      total 136192K, used 136184K [0x00000000e0000000, 0x00000000ec200000, 0x0000000100000000)
  eden space 119808K, 100% used [0x00000000e0000000,0x00000000e7500000,0x00000000e7500000)
  from space 16384K, 99% used [0x00000000e7500000,0x00000000e84fe1e0,0x00000000e8500000)
  to   space 25088K, 0% used [0x00000000ea980000,0x00000000ea980000,0x00000000ec200000)
 ParOldGen       total 91648K, used 50592K [0x00000000a0000000, 0x00000000a5980000, 0x00000000e0000000)
  object space 91648K, 55% used [0x00000000a0000000,0x00000000a3168240,0x00000000a5980000)
 Metaspace       used 60117K, capacity 61834K, committed 62080K, reserved 1103872K
  class space    used 7861K, capacity 8236K, committed 8320K, reserved 1048576K
Event: 69.684 GC heap after
Heap after GC invocations=21 (full 3):
 PSYoungGen      total 161280K, used 25072K [0x00000000e0000000, 0x00000000ee280000, 0x0000000100000000)
  eden space 136192K, 0% used [0x00000000e0000000,0x00000000e0000000,0x00000000e8500000)
  from space 25088K, 99% used [0x00000000ea980000,0x00000000ec1fc0f0,0x00000000ec200000)
  to   space 37376K, 0% used [0x00000000e8500000,0x00000000e8500000,0x00000000ea980000)
 ParOldGen       total 91648K, used 72984K [0x00000000a0000000, 0x00000000a5980000, 0x00000000e0000000)
  object space 91648K, 79% used [0x00000000a0000000,0x00000000a4746228,0x00000000a5980000)
 Metaspace       used 60117K, capacity 61834K, committed 62080K, reserved 1103872K
  class space    used 7861K, capacity 8236K, committed 8320K, reserved 1048576K
}

