# JRE version: OpenJDK Runtime Environment (8.0_152-b02) (build 1.8.0_152-release-1024-b02)
# Java VM: OpenJDK 64-Bit Server VM (25.152-b02 mixed mode windows-amd64 compressed oops)
Heap:
 PSYoungGen      total 108032K, used 102885K [0x00000000e0000000, 0x00000000e9b80000, 0x0000000100000000)
  eden space 87552K, 99% used [0x00000000e0000000,0x00000000e54f1420,0x00000000e5580000)
  from space 20480K, 77% used [0x00000000e7180000,0x00000000e8108060,0x00000000e8580000)
  to   space 28672K, 0% used [0x00000000e5580000,0x00000000e5580000,0x00000000e7180000)
 ParOldGen       total 69632K, used 56217K [0x00000000a0000000, 0x00000000a4400000, 0x00000000e0000000)
  object space 69632K, 80% used [0x00000000a0000000,0x00000000a36e67b0,0x00000000a4400000)
 Metaspace       used 53554K, capacity 55098K, committed 55424K, reserved 1097728K
  class space    used 7087K, capacity 7461K, committed 7552K, reserved 1048576K
GC Heap History (10 events):
Event: 30.934 GC heap before
{Heap before GC invocations=16 (full 2):
 PSYoungGen      total 79360K, used 79338K [0x00000000e0000000, 0x00000000e6680000, 0x0000000100000000)
  eden space 69120K, 100% used [0x00000000e0000000,0x00000000e4380000,0x00000000e4380000)
  from space 10240K, 99% used [0x00000000e4380000,0x00000000e4d7a8a8,0x00000000e4d80000)
  to   space 11776K, 0% used [0x00000000e5b00000,0x00000000e5b00000,0x00000000e6680000)
 ParOldGen       total 69632K, used 20138K [0x00000000a0000000, 0x00000000a4400000, 0x00000000e0000000)
  object space 69632K, 28% used [0x00000000a0000000,0x00000000a13aa8d0,0x00000000a4400000)
 Metaspace       used 49435K, capacity 50886K, committed 51200K, reserved 1093632K
  class space    used 6736K, capacity 7069K, committed 7168K, reserved 1048576K
Event: 30.957 GC heap after
Heap after GC invocations=16 (full 2):
 PSYoungGen      total 90624K, used 11745K [0x00000000e0000000, 0x00000000e6b80000, 0x0000000100000000)
  eden space 78848K, 0% used [0x00000000e0000000,0x00000000e0000000,0x00000000e4d00000)
  from space 11776K, 99% used [0x00000000e5b00000,0x00000000e66786f0,0x00000000e6680000)
  to   space 14336K, 0% used [0x00000000e4d00000,0x00000000e4d00000,0x00000000e5b00000)
 ParOldGen       total 69632K, used 24063K [0x00000000a0000000, 0x00000000a4400000, 0x00000000e0000000)
  object space 69632K, 34% used [0x00000000a0000000,0x00000000a177fce0,0x00000000a4400000)
 Metaspace       used 49435K, capacity 50886K, committed 51200K, reserved 1093632K
  class space    used 6736K, capacity 7069K, committed 7168K, reserved 1048576K
}
Event: 33.274 GC heap before
{Heap before GC invocations=17 (full 2):
 PSYoungGen      total 90624K, used 90593K [0x00000000e0000000, 0x00000000e6b80000, 0x0000000100000000)
  eden space 78848K, 100% used [0x00000000e0000000,0x00000000e4d00000,0x00000000e4d00000)
  from space 11776K, 99% used [0x00000000e5b00000,0x00000000e66786f0,0x00000000e6680000)
  to   space 14336K, 0% used [0x00000000e4d00000,0x00000000e4d00000,0x00000000e5b00000)
 ParOldGen       total 69632K, used 24063K [0x00000000a0000000, 0x00000000a4400000, 0x00000000e0000000)
  object space 69632K, 34% used [0x00000000a0000000,0x00000000a177fce0,0x00000000a4400000)
 Metaspace       used 52814K, capacity 54394K, committed 54528K, reserved 1095680K
  class space    used 7070K, capacity 7397K, committed 7424K, reserved 1048576K
Event: 33.311 GC heap after
Heap after GC invocations=17 (full 2):
 PSYoungGen      total 93184K, used 14332K [0x00000000e0000000, 0x00000000e8580000, 0x0000000100000000)
  eden space 78848K, 0% used [0x00000000e0000000,0x00000000e0000000,0x00000000e4d00000)
  from space 14336K, 99% used [0x00000000e4d00000,0x00000000e5aff0b8,0x00000000e5b00000)
  to   space 20480K, 0% used [0x00000000e7180000,0x00000000e7180000,0x00000000e8580000)
 ParOldGen       total 69632K, used 34106K [0x00000000a0000000, 0x00000000a4400000, 0x00000000e0000000)
  object space 69632K, 48% used [0x00000000a0000000,0x00000000a214ead8,0x00000000a4400000)
 Metaspace       used 52814K, capacity 54394K, committed 54528K, reserved 1095680K
  class space    used 7070K, capacity 7397K, committed 7424K, reserved 1048576K
}
Event: 33.950 GC heap before
{Heap before GC invocations=18 (full 2):
 PSYoungGen      total 93184K, used 93180K [0x00000000e0000000, 0x00000000e8580000, 0x0000000100000000)
  eden space 78848K, 100% used [0x00000000e0000000,0x00000000e4d00000,0x00000000e4d00000)
  from space 14336K, 99% used [0x00000000e4d00000,0x00000000e5aff0b8,0x00000000e5b00000)
  to   space 20480K, 0% used [0x00000000e7180000,0x00000000e7180000,0x00000000e8580000)
 ParOldGen       total 69632K, used 34106K [0x00000000a0000000, 0x00000000a4400000, 0x00000000e0000000)
  object space 69632K, 48% used [0x00000000a0000000,0x00000000a214ead8,0x00000000a4400000)
 Metaspace       used 53096K, capacity 54682K, committed 54912K, reserved 1097728K
  class space    used 7076K, capacity 7429K, committed 7552K, reserved 1048576K
Event: 34.007 GC heap after
Heap after GC invocations=18 (full 2):
 PSYoungGen      total 99328K, used 20470K [0x00000000e0000000, 0x00000000e8580000, 0x0000000100000000)
  eden space 78848K, 0% used [0x00000000e0000000,0x00000000e0000000,0x00000000e4d00000)
  from space 20480K, 99% used [0x00000000e7180000,0x00000000e857d828,0x00000000e8580000)
  to   space 14336K, 0% used [0x00000000e4d00000,0x00000000e4d00000,0x00000000e5b00000)
 ParOldGen       total 69632K, used 40071K [0x00000000a0000000, 0x00000000a4400000, 0x00000000e0000000)
  object space 69632K, 57% used [0x00000000a0000000,0x00000000a2721c08,0x00000000a4400000)
 Metaspace       used 53096K, capacity 54682K, committed 54912K, reserved 1097728K
  class space    used 7076K, capacity 7429K, committed 7552K, reserved 1048576K
}
Event: 34.849 GC heap before
{Heap before GC invocations=19 (full 2):
 PSYoungGen      total 99328K, used 99318K [0x00000000e0000000, 0x00000000e8580000, 0x0000000100000000)
  eden space 78848K, 100% used [0x00000000e0000000,0x00000000e4d00000,0x00000000e4d00000)
  from space 20480K, 99% used [0x00000000e7180000,0x00000000e857d828,0x00000000e8580000)
  to   space 14336K, 0% used [0x00000000e4d00000,0x00000000e4d00000,0x00000000e5b00000)
 ParOldGen       total 69632K, used 40071K [0x00000000a0000000, 0x00000000a4400000, 0x00000000e0000000)
  object space 69632K, 57% used [0x00000000a0000000,0x00000000a2721c08,0x00000000a4400000)
 Metaspace       used 53398K, capacity 54970K, committed 55168K, reserved 1097728K
  class space    used 7087K, capacity 7461K, committed 7552K, reserved 1048576K
Event: 34.893 GC heap after
Heap after GC invocations=19 (full 2):
 PSYoungGen      total 93184K, used 14309K [0x00000000e0000000, 0x00000000e8580000, 0x0000000100000000)
  eden space 78848K, 0% used [0x00000000e0000000,0x00000000e0000000,0x00000000e4d00000)
  from space 14336K, 99% used [0x00000000e4d00000,0x00000000e5af9780,0x00000000e5b00000)
  to   space 20480K, 0% used [0x00000000e7180000,0x00000000e7180000,0x00000000e8580000)
 ParOldGen       total 69632K, used 48182K [0x00000000a0000000, 0x00000000a4400000, 0x00000000e0000000)
  object space 69632K, 69% used [0x00000000a0000000,0x00000000a2f0d8c0,0x00000000a4400000)
 Metaspace       used 53398K, capacity 54970K, committed 55168K, reserved 1097728K
  class space    used 7087K, capacity 7461K, committed 7552K, reserved 1048576K
}
Event: 35.392 GC heap before
{Heap before GC invocations=20 (full 2):
 PSYoungGen      total 93184K, used 93157K [0x00000000e0000000, 0x00000000e8580000, 0x0000000100000000)
  eden space 78848K, 100% used [0x00000000e0000000,0x00000000e4d00000,0x00000000e4d00000)
  from space 14336K, 99% used [0x00000000e4d00000,0x00000000e5af9780,0x00000000e5b00000)
  to   space 20480K, 0% used [0x00000000e7180000,0x00000000e7180000,0x00000000e8580000)
 ParOldGen       total 69632K, used 48182K [0x00000000a0000000, 0x00000000a4400000, 0x00000000e0000000)
  object space 69632K, 69% used [0x00000000a0000000,0x00000000a2f0d8c0,0x00000000a4400000)
 Metaspace       used 53529K, capacity 55098K, committed 55424K, reserved 1097728K
  class space    used 7087K, capacity 7461K, committed 7552K, reserved 1048576K
Event: 35.430 GC heap after
Heap after GC invocations=20 (full 2):
 PSYoungGen      total 108032K, used 15904K [0x00000000e0000000, 0x00000000e9b80000, 0x0000000100000000)
  eden space 87552K, 0% used [0x00000000e0000000,0x00000000e0000000,0x00000000e5580000)
  from space 20480K, 77% used [0x00000000e7180000,0x00000000e8108060,0x00000000e8580000)
  to   space 28672K, 0% used [0x00000000e5580000,0x00000000e5580000,0x00000000e7180000)
 ParOldGen       total 69632K, used 56217K [0x00000000a0000000, 0x00000000a4400000, 0x00000000e0000000)
  object space 69632K, 80% used [0x00000000a0000000,0x00000000a36e67b0,0x00000000a4400000)
 Metaspace       used 53529K, capacity 55098K, committed 55424K, reserved 1097728K
  class space    used 7087K, capacity 7461K, committed 7552K, reserved 1048576K
}

