# JRE version: OpenJDK Runtime Environment (8.0_152-b02) (build 1.8.0_152-release-1024-b02)
# Java VM: OpenJDK 64-Bit Server VM (25.152-b02 mixed mode windows-amd64 compressed oops)
Heap:
 PSYoungGen      total 110080K, used 40336K [0x00000000e0000000, 0x00000000e7e00000, 0x0000000100000000)
  eden space 91136K, 44% used [0x00000000e0000000,0x00000000e2764088,0x00000000e5900000)
  from space 18944K, 0% used [0x00000000e5900000,0x00000000e5900000,0x00000000e6b80000)
  to   space 16384K, 0% used [0x00000000e6e00000,0x00000000e6e00000,0x00000000e7e00000)
 ParOldGen       total 97280K, used 33772K [0x00000000a0000000, 0x00000000a5f00000, 0x00000000e0000000)
  object space 97280K, 34% used [0x00000000a0000000,0x00000000a20fb0f8,0x00000000a5f00000)
 Metaspace       used 63121K, capacity 64618K, committed 65664K, reserved 1112064K
  class space    used 8016K, capacity 8364K, committed 8576K, reserved 1048576K
GC Heap History (10 events):
Event: 1081.710 GC heap before
{Heap before GC invocations=28 (full 7):
 PSYoungGen      total 110080K, used 627K [0x00000000e0000000, 0x00000000e7e00000, 0x0000000100000000)
  eden space 91136K, 0% used [0x00000000e0000000,0x00000000e0000000,0x00000000e5900000)
  from space 18944K, 3% used [0x00000000e5900000,0x00000000e599ccc8,0x00000000e6b80000)
  to   space 16384K, 0% used [0x00000000e6e00000,0x00000000e6e00000,0x00000000e7e00000)
 ParOldGen       total 97280K, used 33908K [0x00000000a0000000, 0x00000000a5f00000, 0x00000000e0000000)
  object space 97280K, 34% used [0x00000000a0000000,0x00000000a211d3f8,0x00000000a5f00000)
 Metaspace       used 62365K, capacity 63850K, committed 64896K, reserved 1112064K
  class space    used 7967K, capacity 8300K, committed 8576K, reserved 1048576K
Event: 1081.864 GC heap after
Heap after GC invocations=28 (full 7):
 PSYoungGen      total 110080K, used 0K [0x00000000e0000000, 0x00000000e7e00000, 0x0000000100000000)
  eden space 91136K, 0% used [0x00000000e0000000,0x00000000e0000000,0x00000000e5900000)
  from space 18944K, 0% used [0x00000000e5900000,0x00000000e5900000,0x00000000e6b80000)
  to   space 16384K, 0% used [0x00000000e6e00000,0x00000000e6e00000,0x00000000e7e00000)
 ParOldGen       total 97280K, used 33013K [0x00000000a0000000, 0x00000000a5f00000, 0x00000000e0000000)
  object space 97280K, 33% used [0x00000000a0000000,0x00000000a203d538,0x00000000a5f00000)
 Metaspace       used 62365K, capacity 63850K, committed 64896K, reserved 1110016K
  class space    used 7967K, capacity 8300K, committed 8576K, reserved 1048576K
}
Event: 1081.864 GC heap before
{Heap before GC invocations=29 (full 7):
 PSYoungGen      total 110080K, used 0K [0x00000000e0000000, 0x00000000e7e00000, 0x0000000100000000)
  eden space 91136K, 0% used [0x00000000e0000000,0x00000000e0000000,0x00000000e5900000)
  from space 18944K, 0% used [0x00000000e5900000,0x00000000e5900000,0x00000000e6b80000)
  to   space 16384K, 0% used [0x00000000e6e00000,0x00000000e6e00000,0x00000000e7e00000)
 ParOldGen       total 97280K, used 33013K [0x00000000a0000000, 0x00000000a5f00000, 0x00000000e0000000)
  object space 97280K, 33% used [0x00000000a0000000,0x00000000a203d538,0x00000000a5f00000)
 Metaspace       used 62365K, capacity 63850K, committed 64896K, reserved 1114112K
  class space    used 7967K, capacity 8300K, committed 8576K, reserved 1048576K
Event: 1081.867 GC heap after
Heap after GC invocations=29 (full 7):
 PSYoungGen      total 107520K, used 0K [0x00000000e0000000, 0x00000000e7e00000, 0x0000000100000000)
  eden space 91136K, 0% used [0x00000000e0000000,0x00000000e0000000,0x00000000e5900000)
  from space 16384K, 0% used [0x00000000e6e00000,0x00000000e6e00000,0x00000000e7e00000)
  to   space 18944K, 0% used [0x00000000e5900000,0x00000000e5900000,0x00000000e6b80000)
 ParOldGen       total 97280K, used 33013K [0x00000000a0000000, 0x00000000a5f00000, 0x00000000e0000000)
  object space 97280K, 33% used [0x00000000a0000000,0x00000000a203d538,0x00000000a5f00000)
 Metaspace       used 62365K, capacity 63850K, committed 64896K, reserved 1114112K
  class space    used 7967K, capacity 8300K, committed 8576K, reserved 1048576K
}
Event: 1081.867 GC heap before
{Heap before GC invocations=30 (full 8):
 PSYoungGen      total 107520K, used 0K [0x00000000e0000000, 0x00000000e7e00000, 0x0000000100000000)
  eden space 91136K, 0% used [0x00000000e0000000,0x00000000e0000000,0x00000000e5900000)
  from space 16384K, 0% used [0x00000000e6e00000,0x00000000e6e00000,0x00000000e7e00000)
  to   space 18944K, 0% used [0x00000000e5900000,0x00000000e5900000,0x00000000e6b80000)
 ParOldGen       total 97280K, used 33013K [0x00000000a0000000, 0x00000000a5f00000, 0x00000000e0000000)
  object space 97280K, 33% used [0x00000000a0000000,0x00000000a203d538,0x00000000a5f00000)
 Metaspace       used 62365K, capacity 63850K, committed 64896K, reserved 1114112K
  class space    used 7967K, capacity 8300K, committed 8576K, reserved 1048576K
Event: 1082.103 GC heap after
Heap after GC invocations=30 (full 8):
 PSYoungGen      total 107520K, used 0K [0x00000000e0000000, 0x00000000e7e00000, 0x0000000100000000)
  eden space 91136K, 0% used [0x00000000e0000000,0x00000000e0000000,0x00000000e5900000)
  from space 16384K, 0% used [0x00000000e6e00000,0x00000000e6e00000,0x00000000e7e00000)
  to   space 18944K, 0% used [0x00000000e5900000,0x00000000e5900000,0x00000000e6b80000)
 ParOldGen       total 97280K, used 33010K [0x00000000a0000000, 0x00000000a5f00000, 0x00000000e0000000)
  object space 97280K, 33% used [0x00000000a0000000,0x00000000a203c9f0,0x00000000a5f00000)
 Metaspace       used 62365K, capacity 63850K, committed 64896K, reserved 1110016K
  class space    used 7967K, capacity 8300K, committed 8576K, reserved 1048576K
}
Event: 1082.217 GC heap before
{Heap before GC invocations=31 (full 8):
 PSYoungGen      total 107520K, used 6836K [0x00000000e0000000, 0x00000000e7e00000, 0x0000000100000000)
  eden space 91136K, 7% used [0x00000000e0000000,0x00000000e06ad278,0x00000000e5900000)
  from space 16384K, 0% used [0x00000000e6e00000,0x00000000e6e00000,0x00000000e7e00000)
  to   space 18944K, 0% used [0x00000000e5900000,0x00000000e5900000,0x00000000e6b80000)
 ParOldGen       total 97280K, used 33010K [0x00000000a0000000, 0x00000000a5f00000, 0x00000000e0000000)
  object space 97280K, 33% used [0x00000000a0000000,0x00000000a203c9f0,0x00000000a5f00000)
 Metaspace       used 62651K, capacity 64138K, committed 65152K, reserved 1116160K
  class space    used 7992K, capacity 8332K, committed 8576K, reserved 1048576K
Event: 1082.222 GC heap after
Heap after GC invocations=31 (full 8):
 PSYoungGen      total 110080K, used 1296K [0x00000000e0000000, 0x00000000e7e00000, 0x0000000100000000)
  eden space 91136K, 0% used [0x00000000e0000000,0x00000000e0000000,0x00000000e5900000)
  from space 18944K, 6% used [0x00000000e5900000,0x00000000e5a44330,0x00000000e6b80000)
  to   space 16384K, 0% used [0x00000000e6e00000,0x00000000e6e00000,0x00000000e7e00000)
 ParOldGen       total 97280K, used 33010K [0x00000000a0000000, 0x00000000a5f00000, 0x00000000e0000000)
  object space 97280K, 33% used [0x00000000a0000000,0x00000000a203c9f0,0x00000000a5f00000)
 Metaspace       used 62651K, capacity 64138K, committed 65152K, reserved 1116160K
  class space    used 7992K, capacity 8332K, committed 8576K, reserved 1048576K
}
Event: 1082.222 GC heap before
{Heap before GC invocations=32 (full 9):
 PSYoungGen      total 110080K, used 1296K [0x00000000e0000000, 0x00000000e7e00000, 0x0000000100000000)
  eden space 91136K, 0% used [0x00000000e0000000,0x00000000e0000000,0x00000000e5900000)
  from space 18944K, 6% used [0x00000000e5900000,0x00000000e5a44330,0x00000000e6b80000)
  to   space 16384K, 0% used [0x00000000e6e00000,0x00000000e6e00000,0x00000000e7e00000)
 ParOldGen       total 97280K, used 33010K [0x00000000a0000000, 0x00000000a5f00000, 0x00000000e0000000)
  object space 97280K, 33% used [0x00000000a0000000,0x00000000a203c9f0,0x00000000a5f00000)
 Metaspace       used 62651K, capacity 64138K, committed 65152K, reserved 1116160K
  class space    used 7992K, capacity 8332K, committed 8576K, reserved 1048576K
Event: 1082.359 GC heap after
Heap after GC invocations=32 (full 9):
 PSYoungGen      total 110080K, used 0K [0x00000000e0000000, 0x00000000e7e00000, 0x0000000100000000)
  eden space 91136K, 0% used [0x00000000e0000000,0x00000000e0000000,0x00000000e5900000)
  from space 18944K, 0% used [0x00000000e5900000,0x00000000e5900000,0x00000000e6b80000)
  to   space 16384K, 0% used [0x00000000e6e00000,0x00000000e6e00000,0x00000000e7e00000)
 ParOldGen       total 97280K, used 33772K [0x00000000a0000000, 0x00000000a5f00000, 0x00000000e0000000)
  object space 97280K, 34% used [0x00000000a0000000,0x00000000a20fb0f8,0x00000000a5f00000)
 Metaspace       used 62651K, capacity 64138K, committed 65152K, reserved 1112064K
  class space    used 7992K, capacity 8332K, committed 8576K, reserved 1048576K
}

